sat_result.py:283: UserWarning: constrained_layout not applied because axes sizes collapsed to zero.  Try making figure larger or axes decorations smaller.
  plt.savefig(path)
sat_result.py:283: UserWarning: constrained_layout not applied because axes sizes collapsed to zero.  Try making figure larger or axes decorations smaller.
  plt.savefig(path)
sat_result.py:283: UserWarning: constrained_layout not applied because axes sizes collapsed to zero.  Try making figure larger or axes decorations smaller.
  plt.savefig(path)
++++++++++++++++++++day 1
df_alias_prefix_pre:  4459
df_all_prefix:  201767
df_alias_prefix_pre:  4476
df_all_prefix:  201819
df_alias_prefix_pre:  4478
df_all_prefix:  201857
df_alias_prefix_pre:  4484
df_all_prefix:  201884
df_all:  4530
df_merge_all_prefix:  202545
++++++++++++++++++++day 2
df_alias_prefix_pre:  4500
df_all_prefix:  201846
df_alias_prefix_pre:  4399
df_all_prefix:  201911
df_alias_prefix_pre:  4428
df_all_prefix:  201968
df_alias_prefix_pre:  4489
df_all_prefix:  201842
df_all:  4517
df_merge_all_prefix:  202439
++++++++++++++++++++day 3
df_alias_prefix_pre:  4499
df_all_prefix:  201922
df_alias_prefix_pre:  4496
df_all_prefix:  201798
df_alias_prefix_pre:  4434
df_all_prefix:  201484
df_alias_prefix_pre:  4491
df_all_prefix:  201799
df_all:  4513
df_merge_all_prefix:  202512
++++++++++++++++++++day 4
df_alias_prefix_pre:  4493
df_all_prefix:  201884
df_alias_prefix_pre:  4422
df_all_prefix:  201873
df_alias_prefix_pre:  4456
df_all_prefix:  202034
df_alias_prefix_pre:  4489
df_all_prefix:  202231
df_all:  4514
df_merge_all_prefix:  202808
++++++++++++++++++++day 5
df_alias_prefix_pre:  4486
df_all_prefix:  202203
df_alias_prefix_pre:  4477
df_all_prefix:  202245
df_alias_prefix_pre:  4429
df_all_prefix:  202272
df_alias_prefix_pre:  4481
df_all_prefix:  202305
df_all:  4518
df_merge_all_prefix:  202965
++++++++++++++++++++day 6
df_alias_prefix_pre:  4431
df_all_prefix:  202086
df_alias_prefix_pre:  4490
df_all_prefix:  202115
df_alias_prefix_pre:  4453
df_all_prefix:  202107
df_alias_prefix_pre:  4484
df_all_prefix:  202279
df_all:  4524
df_merge_all_prefix:  203083
++++++++++++++++++++day 7
df_alias_prefix_pre:  4445
df_all_prefix:  202303
df_alias_prefix_pre:  4445
df_all_prefix:  202351
df_alias_prefix_pre:  4451
df_all_prefix:  200540
df_alias_prefix_pre:  4270
df_all_prefix:  201417
df_all:  4523
df_merge_all_prefix:  203070
[1384.8156747221947, 1382.815506875515, 1382.6904915571213, 1384.6316688656807, 1381.6280983686447, 1386.6281136274338, 1387.6164101362228]
############################################### day  1
&&&&&&&&& 1
Number of aliased prefix (all):  4530
------------------------------------
Empty DataFrame
Columns: [prefix, as, org_name, country, category, sub_category]
Index: []
Number of aliased prefix (cannot get as):  0
------------------------------------
Number of aliased prefix (can get as):  4530
############################################### day  2
&&&&&&&&& 2
Number of aliased prefix (all):  4517
------------------------------------
Empty DataFrame
Columns: [prefix, as, org_name, country, category, sub_category]
Index: []
Number of aliased prefix (cannot get as):  0
------------------------------------
Number of aliased prefix (can get as):  4517
############################################### day  3
&&&&&&&&& 3
Number of aliased prefix (all):  4513
------------------------------------
Empty DataFrame
Columns: [prefix, as, org_name, country, category, sub_category]
Index: []
Number of aliased prefix (cannot get as):  0
------------------------------------
Number of aliased prefix (can get as):  4513
############################################### day  4
&&&&&&&&& 4
Number of aliased prefix (all):  4514
------------------------------------
Empty DataFrame
Columns: [prefix, as, org_name, country, category, sub_category]
Index: []
Number of aliased prefix (cannot get as):  0
------------------------------------
Number of aliased prefix (can get as):  4514
############################################### day  5
&&&&&&&&& 5
Number of aliased prefix (all):  4518
------------------------------------
Empty DataFrame
Columns: [prefix, as, org_name, country, category, sub_category]
Index: []
Number of aliased prefix (cannot get as):  0
------------------------------------
Number of aliased prefix (can get as):  4518
############################################### day  6
&&&&&&&&& 6
Number of aliased prefix (all):  4524
------------------------------------
Empty DataFrame
Columns: [prefix, as, org_name, country, category, sub_category]
Index: []
Number of aliased prefix (cannot get as):  0
------------------------------------
Number of aliased prefix (can get as):  4524
############################################### day  7
&&&&&&&&& 7
Number of aliased prefix (all):  4523
------------------------------------
Empty DataFrame
Columns: [prefix, as, org_name, country, category, sub_category]
Index: []
Number of aliased prefix (cannot get as):  0
------------------------------------
Number of aliased prefix (can get as):  4523
################################ start compare 0 and 1
df_alias_prefix_pre:  4529
df_alias_prefix_next:  4530
result_co:  4529
result_loss:  9
result_new:  9
--------------------- end compare 0 and 1
################################ start compare 1 and 2
df_alias_prefix_pre:  4530
df_alias_prefix_next:  4517
result_co:  4519
result_loss:  11
result_new:  3
--------------------- end compare 1 and 2
################################ start compare 2 and 3
df_alias_prefix_pre:  4517
df_alias_prefix_next:  4513
result_co:  4511
result_loss:  6
result_new:  2
--------------------- end compare 2 and 3
################################ start compare 3 and 4
df_alias_prefix_pre:  4513
df_alias_prefix_next:  4514
result_co:  4508
result_loss:  6
result_new:  6
--------------------- end compare 3 and 4
################################ start compare 4 and 5
df_alias_prefix_pre:  4514
df_alias_prefix_next:  4518
result_co:  4504
result_loss:  14
result_new:  15
--------------------- end compare 4 and 5
################################ start compare 5 and 6
df_alias_prefix_pre:  4518
df_alias_prefix_next:  4524
result_co:  4507
result_loss:  15
result_new:  22
--------------------- end compare 5 and 6
################################ start compare 6 and 7
df_alias_prefix_pre:  4524
df_alias_prefix_next:  4523
result_co:  4521
result_loss:  10
result_new:  7
--------------------- end compare 6 and 7
