sat_result.py:280: UserWarning: constrained_layout not applied because axes sizes collapsed to zero.  Try making figure larger or axes decorations smaller.
  plt.savefig(path)
sat_result.py:280: UserWarning: constrained_layout not applied because axes sizes collapsed to zero.  Try making figure larger or axes decorations smaller.
  plt.savefig(path)
sat_result.py:280: UserWarning: constrained_layout not applied because axes sizes collapsed to zero.  Try making figure larger or axes decorations smaller.
  plt.savefig(path)
sat_result.py:280: UserWarning: constrained_layout not applied because axes sizes collapsed to zero.  Try making figure larger or axes decorations smaller.
  plt.savefig(path)
++++++++++++++++++++day 1
df_alias_prefix_pre:  28016
df_all_prefix:  37823
df_alias_prefix_pre:  27804
df_all_prefix:  37823
df_alias_prefix_pre:  27233
df_all_prefix:  37823
df_alias_prefix_pre:  28072
df_all_prefix:  37823
df_all:  29666
df_merge_all_prefix:  37823
++++++++++++++++++++day 2
df_alias_prefix_pre:  27163
df_all_prefix:  37823
df_alias_prefix_pre:  27794
df_all_prefix:  37823
df_alias_prefix_pre:  26870
df_all_prefix:  37823
df_alias_prefix_pre:  28039
df_all_prefix:  37823
df_all:  29578
df_merge_all_prefix:  37823
++++++++++++++++++++day 3
df_alias_prefix_pre:  27524
df_all_prefix:  37823
df_alias_prefix_pre:  26239
df_all_prefix:  37823
df_alias_prefix_pre:  27120
df_all_prefix:  37823
df_alias_prefix_pre:  27999
df_all_prefix:  37823
df_all:  29515
df_merge_all_prefix:  37823
++++++++++++++++++++day 4
df_alias_prefix_pre:  27666
df_all_prefix:  37823
df_alias_prefix_pre:  28058
df_all_prefix:  37823
df_alias_prefix_pre:  27227
df_all_prefix:  37823
df_alias_prefix_pre:  27373
df_all_prefix:  37823
df_all:  29589
df_merge_all_prefix:  37823
++++++++++++++++++++day 5
df_alias_prefix_pre:  27418
df_all_prefix:  37823
df_alias_prefix_pre:  27737
df_all_prefix:  37823
df_alias_prefix_pre:  27425
df_all_prefix:  37823
df_alias_prefix_pre:  27632
df_all_prefix:  37823
df_all:  29491
df_merge_all_prefix:  37823
++++++++++++++++++++day 6
df_alias_prefix_pre:  26403
df_all_prefix:  37823
df_alias_prefix_pre:  27475
df_all_prefix:  37823
df_alias_prefix_pre:  25525
df_all_prefix:  37823
df_alias_prefix_pre:  27441
df_all_prefix:  37823
df_all:  29507
df_merge_all_prefix:  37823
++++++++++++++++++++day 7
df_alias_prefix_pre:  27620
df_all_prefix:  37823
df_alias_prefix_pre:  27354
df_all_prefix:  37823
df_alias_prefix_pre:  24980
df_all_prefix:  37823
df_alias_prefix_pre:  27817
df_all_prefix:  37823
df_all:  29458
df_merge_all_prefix:  37823
[1426.1701154422055, 1420.1699469922617, 1422.169883761978, 1425.068395452997, 1414.0685634102713, 1412.0694474475033, 1413.06956966431]
############################################### day  1
raw seed aliased prefix: 29666
current router prefix: 4384
all: 34050
all after del dup: 31209
number of directly del dup: 2841
alias prefix number after gen short: 30887
seed prefix after del router prefix: 26774
number of del contain: 51
&&&&&&&&& 1
Number of aliased prefix (all):  26774
------------------------------------
               prefix  as org_name country category sub_category
26674  2a0f:7805::/32 NaN      NaN     NaN      NaN          NaN
26675  2a0f:7807::/32 NaN      NaN     NaN      NaN          NaN
Number of aliased prefix (cannot get as):  2
------------------------------------
Number of aliased prefix (can get as):  26772
############################################### day  2
raw seed aliased prefix: 29578
current router prefix: 4379
all: 33957
all after del dup: 31107
number of directly del dup: 2850
alias prefix number after gen short: 30787
seed prefix after del router prefix: 26681
number of del contain: 47
&&&&&&&&& 2
Number of aliased prefix (all):  26681
------------------------------------
               prefix  as org_name country category sub_category
26587  2a0f:7805::/32 NaN      NaN     NaN      NaN          NaN
26588  2a0f:7807::/32 NaN      NaN     NaN      NaN          NaN
Number of aliased prefix (cannot get as):  2
------------------------------------
Number of aliased prefix (can get as):  26679
############################################### day  3
raw seed aliased prefix: 29515
current router prefix: 4366
all: 33881
all after del dup: 31023
number of directly del dup: 2858
alias prefix number after gen short: 30704
seed prefix after del router prefix: 26610
number of del contain: 47
&&&&&&&&& 3
Number of aliased prefix (all):  26610
------------------------------------
               prefix  as org_name country category sub_category
26510  2a0f:7805::/32 NaN      NaN     NaN      NaN          NaN
26511  2a0f:7807::/32 NaN      NaN     NaN      NaN          NaN
Number of aliased prefix (cannot get as):  2
------------------------------------
Number of aliased prefix (can get as):  26608
############################################### day  4
raw seed aliased prefix: 29589
current router prefix: 4393
all: 33982
all after del dup: 31124
number of directly del dup: 2858
alias prefix number after gen short: 30802
seed prefix after del router prefix: 26684
number of del contain: 47
&&&&&&&&& 4
Number of aliased prefix (all):  26684
------------------------------------
               prefix  as org_name country category sub_category
26560  2a0f:7805::/32 NaN      NaN     NaN      NaN          NaN
26561  2a0f:7807::/32 NaN      NaN     NaN      NaN          NaN
Number of aliased prefix (cannot get as):  2
------------------------------------
Number of aliased prefix (can get as):  26682
############################################### day  5
raw seed aliased prefix: 29491
current router prefix: 4895
all: 34386
all after del dup: 31543
number of directly del dup: 2843
alias prefix number after gen short: 30889
seed prefix after del router prefix: 26322
number of del contain: 326
&&&&&&&&& 5
Number of aliased prefix (all):  26322
------------------------------------
                    prefix  as org_name country category sub_category
25615  2a06:d640:8ed9::/48 NaN      NaN     NaN      NaN          NaN
Number of aliased prefix (cannot get as):  1
------------------------------------
Number of aliased prefix (can get as):  26321
############################################### day  6
raw seed aliased prefix: 29507
current router prefix: 4393
all: 33900
all after del dup: 31057
number of directly del dup: 2843
alias prefix number after gen short: 30732
seed prefix after del router prefix: 26610
number of del contain: 54
&&&&&&&&& 6
Number of aliased prefix (all):  26610
------------------------------------
Empty DataFrame
Columns: [prefix, as, org_name, country, category, sub_category]
Index: []
Number of aliased prefix (cannot get as):  0
------------------------------------
Number of aliased prefix (can get as):  26610
############################################### day  7
raw seed aliased prefix: 29458
current router prefix: 5023
all: 34481
all after del dup: 31668
number of directly del dup: 2813
alias prefix number after gen short: 31000
seed prefix after del router prefix: 26329
number of del contain: 316
&&&&&&&&& 7
Number of aliased prefix (all):  26329
------------------------------------
Empty DataFrame
Columns: [prefix, as, org_name, country, category, sub_category]
Index: []
Number of aliased prefix (cannot get as):  0
------------------------------------
Number of aliased prefix (can get as):  26329
################################ start compare 0 and 1
df_alias_prefix_pre:  37470
df_alias_prefix_next:  26774
result_co:  12446
result_loss:  25024
result_new:  14328
--------------------- end compare 0 and 1
################################ start compare 1 and 2
df_alias_prefix_pre:  26774
df_alias_prefix_next:  26681
result_co:  26272
result_loss:  502
result_new:  409
--------------------- end compare 1 and 2
################################ start compare 2 and 3
df_alias_prefix_pre:  26681
df_alias_prefix_next:  26610
result_co:  26216
result_loss:  465
result_new:  394
--------------------- end compare 2 and 3
################################ start compare 3 and 4
df_alias_prefix_pre:  26610
df_alias_prefix_next:  26684
result_co:  26130
result_loss:  480
result_new:  554
--------------------- end compare 3 and 4
################################ start compare 4 and 5
df_alias_prefix_pre:  26684
df_alias_prefix_next:  26322
result_co:  25907
result_loss:  777
result_new:  415
--------------------- end compare 4 and 5
################################ start compare 5 and 6
df_alias_prefix_pre:  26322
df_alias_prefix_next:  26610
result_co:  25863
result_loss:  459
result_new:  747
--------------------- end compare 5 and 6
################################ start compare 6 and 7
df_alias_prefix_pre:  26610
df_alias_prefix_next:  26329
result_co:  25851
result_loss:  759
result_new:  478
--------------------- end compare 6 and 7
