++++++++++++++++++++day 1
df_alias_prefix_pre:  4204
df_all_prefix:  201160
df_alias_prefix_pre:  4295
df_all_prefix:  201237
df_alias_prefix_pre:  4025
df_all_prefix:  201355
df_alias_prefix_pre:  4309
df_all_prefix:  201232
df_all:  4359
df_all_router_prefix:  201974
++++++++++++++++++++day 2
df_alias_prefix_pre:  4184
df_all_prefix:  201183
df_alias_prefix_pre:  4252
df_all_prefix:  201135
df_alias_prefix_pre:  4101
df_all_prefix:  201181
df_alias_prefix_pre:  4308
df_all_prefix:  201181
df_all:  4335
df_all_router_prefix:  201689
++++++++++++++++++++day 3
df_alias_prefix_pre:  4309
df_all_prefix:  201527
df_alias_prefix_pre:  4281
df_all_prefix:  201507
df_alias_prefix_pre:  4168
df_all_prefix:  201502
df_alias_prefix_pre:  4289
df_all_prefix:  201502
df_all:  4336
df_all_router_prefix:  201902
++++++++++++++++++++day 4
df_alias_prefix_pre:  4308
df_all_prefix:  201592
df_alias_prefix_pre:  4270
df_all_prefix:  201407
df_alias_prefix_pre:  4035
df_all_prefix:  201422
df_alias_prefix_pre:  4067
df_all_prefix:  201504
df_all:  4868
df_all_router_prefix:  202254
++++++++++++++++++++day 5
df_alias_prefix_pre:  4319
df_all_prefix:  201244
df_alias_prefix_pre:  4286
df_all_prefix:  201537
df_alias_prefix_pre:  4056
df_all_prefix:  201650
df_alias_prefix_pre:  4300
df_all_prefix:  201626
df_all:  4384
df_all_router_prefix:  202569
++++++++++++++++++++day 6
df_alias_prefix_pre:  4176
df_all_prefix:  201825
df_alias_prefix_pre:  4268
df_all_prefix:  202572
df_alias_prefix_pre:  3972
df_all_prefix:  201942
df_alias_prefix_pre:  3972
df_all_prefix:  202008
df_all:  4357
df_all_router_prefix:  203482
++++++++++++++++++++day 7
df_alias_prefix_pre:  4119
df_all_prefix:  203088
df_alias_prefix_pre:  4153
df_all_prefix:  203219
df_alias_prefix_pre:  4114
df_all_prefix:  203398
df_alias_prefix_pre:  4313
df_all_prefix:  203611
df_all:  4384
df_all_router_prefix:  204301
7
############################################### day  1
&&&&&&&&& 1
Number of aliased prefix (all):  4359
------------------------------------
Empty DataFrame
Columns: [prefix, as, org_name, country, category, sub_category]
Index: []
Number of aliased prefix (cannot get as):  0
------------------------------------
Number of aliased prefix (can get as):  4359
############################################### day  2
&&&&&&&&& 2
Number of aliased prefix (all):  4335
------------------------------------
Empty DataFrame
Columns: [prefix, as, org_name, country, category, sub_category]
Index: []
Number of aliased prefix (cannot get as):  0
------------------------------------
Number of aliased prefix (can get as):  4335
############################################### day  3
&&&&&&&&& 3
Number of aliased prefix (all):  4336
------------------------------------
Empty DataFrame
Columns: [prefix, as, org_name, country, category, sub_category]
Index: []
Number of aliased prefix (cannot get as):  0
------------------------------------
Number of aliased prefix (can get as):  4336
############################################### day  4
&&&&&&&&& 4
Number of aliased prefix (all):  4868
------------------------------------
                   prefix  as org_name country category sub_category
4333  2600:9000:200c::/48 NaN      NaN     NaN      NaN          NaN
4334  2600:9000:2010::/48 NaN      NaN     NaN      NaN          NaN
4335  2600:9000:2011::/48 NaN      NaN     NaN      NaN          NaN
4336  2600:9000:2056::/48 NaN      NaN     NaN      NaN          NaN
4337  2600:9000:2063::/48 NaN      NaN     NaN      NaN          NaN
4338  2600:9000:20b2::/48 NaN      NaN     NaN      NaN          NaN
4339  2600:9000:20c7::/48 NaN      NaN     NaN      NaN          NaN
4340  2600:9000:2108::/48 NaN      NaN     NaN      NaN          NaN
4341  2600:9000:212b::/48 NaN      NaN     NaN      NaN          NaN
4342  2600:9000:213a::/48 NaN      NaN     NaN      NaN          NaN
4343  2600:9000:2142::/48 NaN      NaN     NaN      NaN          NaN
4344  2600:9000:218b::/48 NaN      NaN     NaN      NaN          NaN
4345  2600:9000:21b7::/48 NaN      NaN     NaN      NaN          NaN
4346  2600:9000:21bc::/48 NaN      NaN     NaN      NaN          NaN
4347  2600:9000:21df::/48 NaN      NaN     NaN      NaN          NaN
4348  2600:9000:21e1::/48 NaN      NaN     NaN      NaN          NaN
4349  2600:9000:21f9::/48 NaN      NaN     NaN      NaN          NaN
4350  2600:9000:26d7::/48 NaN      NaN     NaN      NaN          NaN
4351  2600:9000:26db::/48 NaN      NaN     NaN      NaN          NaN
4352  2606:bc40:0f03::/48 NaN      NaN     NaN      NaN          NaN
4353  2606:bc40:0f17::/48 NaN      NaN     NaN      NaN          NaN
4358  2a0a:6040:d20b::/48 NaN      NaN     NaN      NaN          NaN
4360       2a11:e101::/32 NaN      NaN     NaN      NaN          NaN
4362  2600:9000:21aa::/48 NaN      NaN     NaN      NaN          NaN
4363  2600:9000:2051::/48 NaN      NaN     NaN      NaN          NaN
4367  2600:9000:2050::/48 NaN      NaN     NaN      NaN          NaN
4551  2a05:dfc1:5908::/48 NaN      NaN     NaN      NaN          NaN
4594        2a07:e08::/28 NaN      NaN     NaN      NaN          NaN
Number of aliased prefix (cannot get as):  28
------------------------------------
Number of aliased prefix (can get as):  4840
############################################### day  5
&&&&&&&&& 5
Number of aliased prefix (all):  4384
------------------------------------
Empty DataFrame
Columns: [prefix, as, org_name, country, category, sub_category]
Index: []
Number of aliased prefix (cannot get as):  0
------------------------------------
Number of aliased prefix (can get as):  4384
############################################### day  6
&&&&&&&&& 6
Number of aliased prefix (all):  4357
------------------------------------
Empty DataFrame
Columns: [prefix, as, org_name, country, category, sub_category]
Index: []
Number of aliased prefix (cannot get as):  0
------------------------------------
Number of aliased prefix (can get as):  4357
############################################### day  7
&&&&&&&&& 7
Number of aliased prefix (all):  4384
------------------------------------
Empty DataFrame
Columns: [prefix, as, org_name, country, category, sub_category]
Index: []
Number of aliased prefix (cannot get as):  0
------------------------------------
Number of aliased prefix (can get as):  4384
################################ start compare 1 and 2
df_alias_prefix_pre:  4359
df_alias_prefix_next:  4335
result_co:  4334
result_loss:  30
result_new:  3
--------------------- end compare 1 and 2
################################ start compare 2 and 3
df_alias_prefix_pre:  4335
df_alias_prefix_next:  4336
result_co:  4332
result_loss:  5
result_new:  9
--------------------- end compare 2 and 3
################################ start compare 3 and 4
df_alias_prefix_pre:  4336
df_alias_prefix_next:  4868
result_co:  4329
result_loss:  34
result_new:  540
--------------------- end compare 3 and 4
################################ start compare 4 and 5
df_alias_prefix_pre:  4868
df_alias_prefix_next:  4384
result_co:  4336
result_loss:  532
result_new:  71
--------------------- end compare 4 and 5
################################ start compare 5 and 6
df_alias_prefix_pre:  4384
df_alias_prefix_next:  4357
result_co:  4345
result_loss:  39
result_new:  12
--------------------- end compare 5 and 6
################################ start compare 6 and 7
df_alias_prefix_pre:  4357
df_alias_prefix_next:  4384
result_co:  4331
result_loss:  26
result_new:  53
--------------------- end compare 6 and 7
