++++++++++++++++++++day 1
df_alias_prefix_pre:  27532
df_all_prefix:  37823
df_alias_prefix_pre:  17110
df_all_prefix:  37823
df_alias_prefix_pre:  27668
df_all_prefix:  37823
df_alias_prefix_pre:  27315
df_all_prefix:  37823
df_all:  29329
df_merge_all_prefix:  37823
++++++++++++++++++++day 2
df_alias_prefix_pre:  26613
df_all_prefix:  37823
df_alias_prefix_pre:  18780
df_all_prefix:  37823
df_alias_prefix_pre:  27829
df_all_prefix:  37823
df_alias_prefix_pre:  26615
df_all_prefix:  37823
df_all:  29368
df_merge_all_prefix:  37823
++++++++++++++++++++day 3
df_alias_prefix_pre:  24575
df_all_prefix:  37823
df_alias_prefix_pre:  23649
df_all_prefix:  37823
df_alias_prefix_pre:  27863
df_all_prefix:  37823
df_alias_prefix_pre:  27368
df_all_prefix:  37823
df_all:  29303
df_merge_all_prefix:  37823
++++++++++++++++++++day 4
df_alias_prefix_pre:  26542
df_all_prefix:  37823
df_alias_prefix_pre:  20597
df_all_prefix:  37823
df_alias_prefix_pre:  27747
df_all_prefix:  37823
df_alias_prefix_pre:  27634
df_all_prefix:  37823
df_all:  29492
df_merge_all_prefix:  37823
++++++++++++++++++++day 5
df_alias_prefix_pre:  27672
df_all_prefix:  37823
df_alias_prefix_pre:  20791
df_all_prefix:  37823
df_alias_prefix_pre:  27685
df_all_prefix:  37823
df_alias_prefix_pre:  27703
df_all_prefix:  37823
df_all:  29374
df_merge_all_prefix:  37823
++++++++++++++++++++day 6
df_alias_prefix_pre:  27400
df_all_prefix:  37823
df_alias_prefix_pre:  21341
df_all_prefix:  37823
df_alias_prefix_pre:  27699
df_all_prefix:  37823
df_alias_prefix_pre:  27441
df_all_prefix:  37823
df_all:  29437
df_merge_all_prefix:  37823
++++++++++++++++++++day 7
df_alias_prefix_pre:  27938
df_all_prefix:  37823
df_alias_prefix_pre:  19669
df_all_prefix:  37823
df_alias_prefix_pre:  28595
df_all_prefix:  37823
df_alias_prefix_pre:  28545
df_all_prefix:  37823
df_all:  30181
df_merge_all_prefix:  37823
[1407.9447670818784, 1409.944540385158, 1405.9447084655997, 1404.940696364037, 1403.9447800663777, 1404.9445813896612, 1404.0752353584405]
############################################### day  1
raw seed aliased prefix: 29329
current router prefix: 4393
all: 33722
all after del dup: 30875
number of directly del dup: 2847
alias prefix number after gen short: 30555
seed prefix after del router prefix: 26435
number of del contain: 47
&&&&&&&&& 1
Number of aliased prefix (all):  26435
------------------------------------
                         prefix  as org_name country category sub_category
2342   2400:cb00:0198:0000::/64 NaN      NaN     NaN      NaN          NaN
2343   2400:cb00:0198:0001::/64 NaN      NaN     NaN      NaN          NaN
2344   2400:cb00:0198:2005::/64 NaN      NaN     NaN      NaN          NaN
2398   2400:cb00:0223:0000::/64 NaN      NaN     NaN      NaN          NaN
2399   2400:cb00:0223:2005::/64 NaN      NaN     NaN      NaN          NaN
2450   2400:cb00:0248:0000::/64 NaN      NaN     NaN      NaN          NaN
2451   2400:cb00:0248:0001::/64 NaN      NaN     NaN      NaN          NaN
3062   2400:cb00:0606:0000::/64 NaN      NaN     NaN      NaN          NaN
3063   2400:cb00:0606:0001::/64 NaN      NaN     NaN      NaN          NaN
3097   2400:cb00:0620:0000::/64 NaN      NaN     NaN      NaN          NaN
3098   2400:cb00:0620:0001::/64 NaN      NaN     NaN      NaN          NaN
3099   2400:cb00:0620:2005::/64 NaN      NaN     NaN      NaN          NaN
26397  2a13:2b40:0000:0000::/64 NaN      NaN     NaN      NaN          NaN
26398  2a13:2cc0:0000:0000::/64 NaN      NaN     NaN      NaN          NaN
Number of aliased prefix (cannot get as):  14
------------------------------------
Number of aliased prefix (can get as):  26421
############################################### day  2
raw seed aliased prefix: 29368
current router prefix: 4395
all: 33763
all after del dup: 30912
number of directly del dup: 2851
alias prefix number after gen short: 30591
seed prefix after del router prefix: 26470
number of del contain: 47
&&&&&&&&& 2
Number of aliased prefix (all):  26470
------------------------------------
                         prefix  as org_name country category sub_category
2344   2400:cb00:0198:0000::/64 NaN      NaN     NaN      NaN          NaN
2345   2400:cb00:0198:0001::/64 NaN      NaN     NaN      NaN          NaN
2346   2400:cb00:0198:2005::/64 NaN      NaN     NaN      NaN          NaN
2397   2400:cb00:0223:0000::/64 NaN      NaN     NaN      NaN          NaN
2398   2400:cb00:0223:2005::/64 NaN      NaN     NaN      NaN          NaN
2449   2400:cb00:0248:0000::/64 NaN      NaN     NaN      NaN          NaN
2450   2400:cb00:0248:0001::/64 NaN      NaN     NaN      NaN          NaN
3062   2400:cb00:0606:0000::/64 NaN      NaN     NaN      NaN          NaN
3063   2400:cb00:0606:0001::/64 NaN      NaN     NaN      NaN          NaN
3097   2400:cb00:0620:0000::/64 NaN      NaN     NaN      NaN          NaN
3098   2400:cb00:0620:0001::/64 NaN      NaN     NaN      NaN          NaN
3099   2400:cb00:0620:2005::/64 NaN      NaN     NaN      NaN          NaN
26432  2a13:2b40:0000:0000::/64 NaN      NaN     NaN      NaN          NaN
26433  2a13:2cc0:0000:0000::/64 NaN      NaN     NaN      NaN          NaN
Number of aliased prefix (cannot get as):  14
------------------------------------
Number of aliased prefix (can get as):  26456
############################################### day  3
raw seed aliased prefix: 29303
current router prefix: 5108
all: 34411
all after del dup: 31578
number of directly del dup: 2833
alias prefix number after gen short: 30849
seed prefix after del router prefix: 26116
number of del contain: 354
&&&&&&&&& 3
Number of aliased prefix (all):  26116
------------------------------------
                         prefix  as org_name country category sub_category
2332   2400:cb00:0198:0000::/64 NaN      NaN     NaN      NaN          NaN
2333   2400:cb00:0198:0001::/64 NaN      NaN     NaN      NaN          NaN
2334   2400:cb00:0198:2005::/64 NaN      NaN     NaN      NaN          NaN
2388   2400:cb00:0223:0000::/64 NaN      NaN     NaN      NaN          NaN
2389   2400:cb00:0223:2005::/64 NaN      NaN     NaN      NaN          NaN
2440   2400:cb00:0248:0000::/64 NaN      NaN     NaN      NaN          NaN
2441   2400:cb00:0248:0001::/64 NaN      NaN     NaN      NaN          NaN
3053   2400:cb00:0606:0000::/64 NaN      NaN     NaN      NaN          NaN
3054   2400:cb00:0606:0001::/64 NaN      NaN     NaN      NaN          NaN
26078  2a13:2b40:0000:0000::/64 NaN      NaN     NaN      NaN          NaN
26079  2a13:2cc0:0000:0000::/64 NaN      NaN     NaN      NaN          NaN
Number of aliased prefix (cannot get as):  11
------------------------------------
Number of aliased prefix (can get as):  26105
############################################### day  4
raw seed aliased prefix: 29492
current router prefix: 4398
all: 33890
all after del dup: 31072
number of directly del dup: 2818
alias prefix number after gen short: 30753
seed prefix after del router prefix: 26622
number of del contain: 52
&&&&&&&&& 4
Number of aliased prefix (all):  26622
------------------------------------
                         prefix  as org_name country category sub_category
2363   2400:cb00:0223:0000::/64 NaN      NaN     NaN      NaN          NaN
2364   2400:cb00:0223:2005::/64 NaN      NaN     NaN      NaN          NaN
2415   2400:cb00:0248:0000::/64 NaN      NaN     NaN      NaN          NaN
2416   2400:cb00:0248:0001::/64 NaN      NaN     NaN      NaN          NaN
3027   2400:cb00:0606:0000::/64 NaN      NaN     NaN      NaN          NaN
3028   2400:cb00:0606:0001::/64 NaN      NaN     NaN      NaN          NaN
26585  2a13:2b40:0000:0000::/64 NaN      NaN     NaN      NaN          NaN
26586  2a13:2cc0:0000:0000::/64 NaN      NaN     NaN      NaN          NaN
Number of aliased prefix (cannot get as):  8
------------------------------------
Number of aliased prefix (can get as):  26614
############################################### day  5
raw seed aliased prefix: 29374
current router prefix: 4402
all: 33776
all after del dup: 30960
number of directly del dup: 2816
alias prefix number after gen short: 30640
seed prefix after del router prefix: 26507
number of del contain: 51
&&&&&&&&& 5
Number of aliased prefix (all):  26507
------------------------------------
                        prefix  as org_name country category sub_category
2360  2400:cb00:0223:0000::/64 NaN      NaN     NaN      NaN          NaN
2361  2400:cb00:0223:2005::/64 NaN      NaN     NaN      NaN          NaN
2412  2400:cb00:0248:0000::/64 NaN      NaN     NaN      NaN          NaN
2413  2400:cb00:0248:0001::/64 NaN      NaN     NaN      NaN          NaN
3025  2400:cb00:0606:0000::/64 NaN      NaN     NaN      NaN          NaN
3026  2400:cb00:0606:0001::/64 NaN      NaN     NaN      NaN          NaN
Number of aliased prefix (cannot get as):  6
------------------------------------
Number of aliased prefix (can get as):  26501
############################################### day  6
raw seed aliased prefix: 29437
current router prefix: 4414
all: 33851
all after del dup: 31001
number of directly del dup: 2850
alias prefix number after gen short: 30682
seed prefix after del router prefix: 26541
number of del contain: 46
&&&&&&&&& 6
Number of aliased prefix (all):  26541
------------------------------------
                        prefix  as org_name country category sub_category
2366  2400:cb00:0223:0000::/64 NaN      NaN     NaN      NaN          NaN
2367  2400:cb00:0223:2005::/64 NaN      NaN     NaN      NaN          NaN
2418  2400:cb00:0248:0000::/64 NaN      NaN     NaN      NaN          NaN
2419  2400:cb00:0248:0001::/64 NaN      NaN     NaN      NaN          NaN
Number of aliased prefix (cannot get as):  4
------------------------------------
Number of aliased prefix (can get as):  26537
############################################### day  7
raw seed aliased prefix: 30181
current router prefix: 4529
all: 34710
all after del dup: 31777
number of directly del dup: 2933
alias prefix number after gen short: 31449
seed prefix after del router prefix: 27200
number of del contain: 48
&&&&&&&&& 7
Number of aliased prefix (all):  27200
------------------------------------
                        prefix  as org_name country category sub_category
2594  2400:cb00:0223:0000::/64 NaN      NaN     NaN      NaN          NaN
2595  2400:cb00:0223:2005::/64 NaN      NaN     NaN      NaN          NaN
2648  2400:cb00:0248:0000::/64 NaN      NaN     NaN      NaN          NaN
2649  2400:cb00:0248:0001::/64 NaN      NaN     NaN      NaN          NaN
Number of aliased prefix (cannot get as):  4
------------------------------------
Number of aliased prefix (can get as):  27196
[88.3287388807959, 87.32849692482083, 82.32867862469098, 87.32851337779826, 89.32872134748428, 87.32846163561149, 87.33237598392694]
################################ start compare 1 and 2
df_alias_prefix_pre:  26435
df_alias_prefix_next:  26470
result_co:  25975
result_loss:  460
result_new:  495
--------------------- end compare 1 and 2
################################ start compare 2 and 3
df_alias_prefix_pre:  26470
df_alias_prefix_next:  26116
result_co:  25676
result_loss:  794
result_new:  440
--------------------- end compare 2 and 3
################################ start compare 3 and 4
df_alias_prefix_pre:  26116
df_alias_prefix_next:  26622
result_co:  25717
result_loss:  399
result_new:  905
--------------------- end compare 3 and 4
################################ start compare 4 and 5
df_alias_prefix_pre:  26622
df_alias_prefix_next:  26507
result_co:  26067
result_loss:  555
result_new:  440
--------------------- end compare 4 and 5
################################ start compare 5 and 6
df_alias_prefix_pre:  26507
df_alias_prefix_next:  26541
result_co:  26074
result_loss:  433
result_new:  467
--------------------- end compare 5 and 6
################################ start compare 6 and 7
df_alias_prefix_pre:  26541
df_alias_prefix_next:  27200
result_co:  26005
result_loss:  536
result_new:  1195
--------------------- end compare 6 and 7
